[debug] [2023-03-22T23:25:23.103Z] ----------------------------------------------------------------------
[debug] [2023-03-22T23:25:23.118Z] Command:       C:\Program Files\nodejs\node.exe C:\Users\Henry Morley\AppData\Roaming\npm\node_modules\firebase-tools\lib\bin\firebase.js emulators:start --only functions
[debug] [2023-03-22T23:25:23.121Z] CLI Version:   11.24.1
[debug] [2023-03-22T23:25:23.121Z] Platform:      win32
[debug] [2023-03-22T23:25:23.121Z] Node Version:  v16.18.0
[debug] [2023-03-22T23:25:23.125Z] Time:          Wed Mar 22 2023 19:25:23 GMT-0400 (Eastern Daylight Time)
[debug] [2023-03-22T23:25:23.125Z] ----------------------------------------------------------------------
[debug] 
[debug] [2023-03-22T23:25:23.951Z] > command requires scopes: ["email","openid","https://www.googleapis.com/auth/cloudplatformprojects.readonly","https://www.googleapis.com/auth/firebase","https://www.googleapis.com/auth/cloud-platform"]
[debug] [2023-03-22T23:25:23.961Z] > authorizing via signed-in user (melissarose.morley@gmail.com)
[info] i  emulators: Starting emulators: functions {"metadata":{"emulator":{"name":"hub"},"message":"Starting emulators: functions"}}
[debug] [2023-03-22T23:25:24.098Z] [logging] Logging Emulator only supports listening on one address (127.0.0.1). Not listening on ::1
[debug] [2023-03-22T23:25:24.103Z] assigned listening specs for emulators {"user":{"hub":[{"address":"127.0.0.1","family":"IPv4","port":4400},{"address":"::1","family":"IPv6","port":4400}],"ui":[{"address":"127.0.0.1","family":"IPv4","port":4000},{"address":"::1","family":"IPv6","port":4000}],"logging":[{"address":"127.0.0.1","family":"IPv4","port":4500}]},"metadata":{"message":"assigned listening specs for emulators"}}
[debug] [2023-03-22T23:25:24.180Z] [hub] writing locator at C:\Users\HENRYM~1\AppData\Local\Temp\hub-finalproject-5656a.json
[debug] [2023-03-22T23:25:24.420Z] [functions] Functions Emulator only supports listening on one address (127.0.0.1). Not listening on ::1
[debug] [2023-03-22T23:25:24.427Z] [eventarc] Eventarc Emulator only supports listening on one address (127.0.0.1). Not listening on ::1
[debug] [2023-03-22T23:25:24.428Z] late-assigned ports for functions and eventarc emulators {"user":{"hub":[{"address":"127.0.0.1","family":"IPv4","port":4400},{"address":"::1","family":"IPv6","port":4400}],"ui":[{"address":"127.0.0.1","family":"IPv4","port":4000},{"address":"::1","family":"IPv6","port":4000}],"logging":[{"address":"127.0.0.1","family":"IPv4","port":4500}],"functions":[{"address":"127.0.0.1","family":"IPv4","port":5001}],"eventarc":[{"address":"127.0.0.1","family":"IPv4","port":9299}]},"metadata":{"message":"late-assigned ports for functions and eventarc emulators"}}
[warn] !  functions: The following emulators are not running, calls to these services from the Functions emulator will affect production: auth, firestore, database, hosting, pubsub, storage {"metadata":{"emulator":{"name":"functions"},"message":"The following emulators are not running, calls to these services from the Functions emulator will affect production: \u001b[1mauth, firestore, database, hosting, pubsub, storage\u001b[22m"}}
[debug] [2023-03-22T23:25:24.445Z] defaultcredentials: writing to file C:\Users\Henry Morley\AppData\Roaming\firebase\melissarose_morley_gmail.com_application_default_credentials.json
[debug] [2023-03-22T23:25:24.542Z] Setting GAC to C:\Users\Henry Morley\AppData\Roaming\firebase\melissarose_morley_gmail.com_application_default_credentials.json {"metadata":{"emulator":{"name":"functions"},"message":"Setting GAC to C:\\Users\\Henry Morley\\AppData\\Roaming\\firebase\\melissarose_morley_gmail.com_application_default_credentials.json"}}
[debug] [2023-03-22T23:25:24.575Z] >>> [apiv2][query] GET https://firebase.googleapis.com/v1beta1/projects/finalproject-5656a/adminSdkConfig [none]
[debug] [2023-03-22T23:25:24.900Z] <<< [apiv2][status] GET https://firebase.googleapis.com/v1beta1/projects/finalproject-5656a/adminSdkConfig 403
[debug] [2023-03-22T23:25:24.901Z] <<< [apiv2][body] GET https://firebase.googleapis.com/v1beta1/projects/finalproject-5656a/adminSdkConfig {"error":{"code":403,"message":"The caller does not have permission","status":"PERMISSION_DENIED"}}
[debug] [2023-03-22T23:25:24.903Z] Failed to get Admin SDK config for finalproject-5656a, falling back to cacheFailed to get Admin SDK for Firebase project finalproject-5656a. Please make sure the project exists and your account has permission to access it. {"name":"FirebaseError","children":[],"exit":2,"message":"Failed to get Admin SDK for Firebase project finalproject-5656a. Please make sure the project exists and your account has permission to access it.","original":{"name":"FirebaseError","children":[],"context":{"body":{"error":{"code":403,"message":"The caller does not have permission","status":"PERMISSION_DENIED"}},"response":{"statusCode":403}},"exit":1,"message":"HTTP Error: 403, The caller does not have permission","status":403},"status":500}
[warn] !  functions: Unable to fetch project Admin SDK configuration, Admin SDK behavior in Cloud Functions emulator may be incorrect. {"metadata":{"emulator":{"name":"functions"},"message":"Unable to fetch project Admin SDK configuration, Admin SDK behavior in Cloud Functions emulator may be incorrect."}}
[debug] [2023-03-22T23:25:25.094Z] Ignoring unsupported arg: auto_download {"metadata":{"emulator":{"name":"ui"},"message":"Ignoring unsupported arg: auto_download"}}
[debug] [2023-03-22T23:25:25.095Z] Ignoring unsupported arg: port {"metadata":{"emulator":{"name":"ui"},"message":"Ignoring unsupported arg: port"}}
[debug] [2023-03-22T23:25:25.095Z] Starting Emulator UI with command {"binary":"node","args":["C:\\Users\\Henry Morley\\.cache\\firebase\\emulators\\ui-v1.11.4\\server\\server.js"],"optionalArgs":[],"joinArgs":false} {"metadata":{"emulator":{"name":"ui"},"message":"Starting Emulator UI with command {\"binary\":\"node\",\"args\":[\"C:\\\\Users\\\\Henry Morley\\\\.cache\\\\firebase\\\\emulators\\\\ui-v1.11.4\\\\server\\\\server.js\"],\"optionalArgs\":[],\"joinArgs\":false}"}}
[info] i  ui: Emulator UI logging to ui-debug.log {"metadata":{"emulator":{"name":"ui"},"message":"Emulator UI logging to \u001b[1mui-debug.log\u001b[22m"}}
[debug] [2023-03-22T23:25:26.502Z] Web / API server started at 127.0.0.1:4000
Web / API server started at ::1:4000
 {"metadata":{"emulator":{"name":"ui"},"message":"Web / API server started at 127.0.0.1:4000\nWeb / API server started at ::1:4000\n"}}
[info] i  functions: Watching "C:\Users\Henry Morley\Desktop\GrandCircusStuff\Final Project\FinalProjectBackend\functions" for Cloud Functions... {"metadata":{"emulator":{"name":"functions"},"message":"Watching \"C:\\Users\\Henry Morley\\Desktop\\GrandCircusStuff\\Final Project\\FinalProjectBackend\\functions\" for Cloud Functions..."}}
[debug] [2023-03-22T23:25:26.532Z] Validating nodejs source
[debug] [2023-03-22T23:25:35.257Z] > [functions] package.json contents: {
  "name": "functions",
  "scripts": {
    "build": "tsc",
    "build:watch": "tsc --watch",
    "serve": "npm run build && firebase emulators:start --only functions",
    "shell": "npm run build && firebase functions:shell",
    "start": "npm run shell",
    "deploy": "firebase deploy --only functions",
    "logs": "firebase functions:log",
    "serve:dev": "concurrently \"tsc --watch\" \"firebase emulators:start --only functions\""
  },
  "engines": {
    "node": "16"
  },
  "main": "lib/index.js",
  "dependencies": {
    "firebase-admin": "^11.5.0",
    "firebase-functions": "^4.2.0"
  },
  "devDependencies": {
    "typescript": "^4.9.0",
    "firebase-functions-test": "^3.0.0"
  },
  "private": true
}
[debug] [2023-03-22T23:25:35.258Z] Building nodejs source
[debug] [2023-03-22T23:25:35.260Z] Failed to find version of module node: reached end of search path C:\Users\Henry Morley\Desktop\GrandCircusStuff\Final Project\FinalProjectBackend\functions\node_modules
[info] +  functions: Using node@16 from host. 
[debug] [2023-03-22T23:25:35.267Z] Could not find functions.yaml. Must use http discovery
[debug] [2023-03-22T23:25:35.286Z] Found firebase-functions binary at 'C:\Users\Henry Morley\Desktop\GrandCircusStuff\Final Project\FinalProjectBackend\node_modules\.bin\firebase-functions'
[debug] [2023-03-22T23:25:36.689Z] Serving at port 8457

[debug] [2023-03-22T23:25:38.441Z] Got response from /__/functions.yaml {"endpoints":{"api":{"platform":"gcfv1","availableMemoryMb":null,"timeoutSeconds":null,"minInstances":null,"maxInstances":null,"ingressSettings":null,"serviceAccountEmail":null,"vpc":null,"httpsTrigger":{},"entryPoint":"api"}},"specVersion":"v1alpha1","requiredAPIs":[]}
[debug] [2023-03-22T23:25:38.460Z] shutdown requested via /__/quitquitquit

[info] +  functions: Loaded functions definitions from source: api. {"metadata":{"emulator":{"name":"functions"},"message":"Loaded functions definitions from source: api."}}
[info] +  functions[us-central1-api]: http function initialized (http://127.0.0.1:5001/finalproject-5656a/us-central1/api). {"metadata":{"emulator":{"name":"functions"},"message":"\u001b[1mhttp\u001b[22m function initialized (http://127.0.0.1:5001/finalproject-5656a/us-central1/api)."}}
[info] 
┌─────────────────────────────────────────────────────────────┐
│ ✔  All emulators ready! It is now safe to connect your app. │
│ i  View Emulator UI at http://127.0.0.1:4000/               │
└─────────────────────────────────────────────────────────────┘

┌───────────┬────────────────┬─────────────────────────────────┐
│ Emulator  │ Host:Port      │ View in Emulator UI             │
├───────────┼────────────────┼─────────────────────────────────┤
│ Functions │ 127.0.0.1:5001 │ http://127.0.0.1:4000/functions │
└───────────┴────────────────┴─────────────────────────────────┘
  Emulator Hub running at 127.0.0.1:4400
  Other reserved ports: 4500

Issues? Report them at https://github.com/firebase/firebase-tools/issues and attach the *-debug.log files.
 
[debug] [2023-03-22T23:25:41.781Z] File C:\Users\Henry Morley\Desktop\GrandCircusStuff\Final Project\FinalProjectBackend\functions\lib\db.js.map changed, reloading triggers {"metadata":{"emulator":{"name":"functions"},"message":"File C:\\Users\\Henry Morley\\Desktop\\GrandCircusStuff\\Final Project\\FinalProjectBackend\\functions\\lib\\db.js.map changed, reloading triggers"}}
[debug] [2023-03-22T23:25:41.790Z] File C:\Users\Henry Morley\Desktop\GrandCircusStuff\Final Project\FinalProjectBackend\functions\lib\db.js changed, reloading triggers {"metadata":{"emulator":{"name":"functions"},"message":"File C:\\Users\\Henry Morley\\Desktop\\GrandCircusStuff\\Final Project\\FinalProjectBackend\\functions\\lib\\db.js changed, reloading triggers"}}
[debug] [2023-03-22T23:25:41.809Z] File C:\Users\Henry Morley\Desktop\GrandCircusStuff\Final Project\FinalProjectBackend\functions\lib\index.js.map changed, reloading triggers {"metadata":{"emulator":{"name":"functions"},"message":"File C:\\Users\\Henry Morley\\Desktop\\GrandCircusStuff\\Final Project\\FinalProjectBackend\\functions\\lib\\index.js.map changed, reloading triggers"}}
[debug] [2023-03-22T23:25:41.810Z] File C:\Users\Henry Morley\Desktop\GrandCircusStuff\Final Project\FinalProjectBackend\functions\lib\index.js changed, reloading triggers {"metadata":{"emulator":{"name":"functions"},"message":"File C:\\Users\\Henry Morley\\Desktop\\GrandCircusStuff\\Final Project\\FinalProjectBackend\\functions\\lib\\index.js changed, reloading triggers"}}
[debug] [2023-03-22T23:25:41.820Z] File C:\Users\Henry Morley\Desktop\GrandCircusStuff\Final Project\FinalProjectBackend\functions\lib\models\Leaderboard.js.map changed, reloading triggers {"metadata":{"emulator":{"name":"functions"},"message":"File C:\\Users\\Henry Morley\\Desktop\\GrandCircusStuff\\Final Project\\FinalProjectBackend\\functions\\lib\\models\\Leaderboard.js.map changed, reloading triggers"}}
[debug] [2023-03-22T23:25:41.831Z] File C:\Users\Henry Morley\Desktop\GrandCircusStuff\Final Project\FinalProjectBackend\functions\lib\models\Leaderboard.js changed, reloading triggers {"metadata":{"emulator":{"name":"functions"},"message":"File C:\\Users\\Henry Morley\\Desktop\\GrandCircusStuff\\Final Project\\FinalProjectBackend\\functions\\lib\\models\\Leaderboard.js changed, reloading triggers"}}
[debug] [2023-03-22T23:25:41.849Z] File C:\Users\Henry Morley\Desktop\GrandCircusStuff\Final Project\FinalProjectBackend\functions\lib\routes\LeaderboardRoutes.js.map changed, reloading triggers {"metadata":{"emulator":{"name":"functions"},"message":"File C:\\Users\\Henry Morley\\Desktop\\GrandCircusStuff\\Final Project\\FinalProjectBackend\\functions\\lib\\routes\\LeaderboardRoutes.js.map changed, reloading triggers"}}
[debug] [2023-03-22T23:25:41.850Z] File C:\Users\Henry Morley\Desktop\GrandCircusStuff\Final Project\FinalProjectBackend\functions\lib\routes\LeaderboardRoutes.js changed, reloading triggers {"metadata":{"emulator":{"name":"functions"},"message":"File C:\\Users\\Henry Morley\\Desktop\\GrandCircusStuff\\Final Project\\FinalProjectBackend\\functions\\lib\\routes\\LeaderboardRoutes.js changed, reloading triggers"}}
[debug] [2023-03-22T23:25:42.861Z] Validating nodejs source
[debug] [2023-03-22T23:25:47.090Z] > [functions] package.json contents: {
  "name": "functions",
  "scripts": {
    "build": "tsc",
    "build:watch": "tsc --watch",
    "serve": "npm run build && firebase emulators:start --only functions",
    "shell": "npm run build && firebase functions:shell",
    "start": "npm run shell",
    "deploy": "firebase deploy --only functions",
    "logs": "firebase functions:log",
    "serve:dev": "concurrently \"tsc --watch\" \"firebase emulators:start --only functions\""
  },
  "engines": {
    "node": "16"
  },
  "main": "lib/index.js",
  "dependencies": {
    "firebase-admin": "^11.5.0",
    "firebase-functions": "^4.2.0"
  },
  "devDependencies": {
    "typescript": "^4.9.0",
    "firebase-functions-test": "^3.0.0"
  },
  "private": true
}
[debug] [2023-03-22T23:25:47.090Z] Building nodejs source
[debug] [2023-03-22T23:25:47.091Z] Failed to find version of module node: reached end of search path C:\Users\Henry Morley\Desktop\GrandCircusStuff\Final Project\FinalProjectBackend\functions\node_modules
[info] +  functions: Using node@16 from host. 
[debug] [2023-03-22T23:25:47.094Z] Could not find functions.yaml. Must use http discovery
[debug] [2023-03-22T23:25:47.127Z] Found firebase-functions binary at 'C:\Users\Henry Morley\Desktop\GrandCircusStuff\Final Project\FinalProjectBackend\node_modules\.bin\firebase-functions'
[debug] [2023-03-22T23:25:48.467Z] Serving at port 8286

[debug] [2023-03-22T23:25:49.333Z] Got response from /__/functions.yaml {"endpoints":{"api":{"platform":"gcfv1","availableMemoryMb":null,"timeoutSeconds":null,"minInstances":null,"maxInstances":null,"ingressSettings":null,"serviceAccountEmail":null,"vpc":null,"httpsTrigger":{},"entryPoint":"api"}},"specVersion":"v1alpha1","requiredAPIs":[]}
[debug] [2023-03-22T23:25:49.342Z] shutdown requested via /__/quitquitquit

[info] +  functions: Loaded functions definitions from source: api. {"metadata":{"emulator":{"name":"functions"},"message":"Loaded functions definitions from source: api."}}
[debug] [2023-03-22T23:27:46.465Z] File C:\Users\Henry Morley\Desktop\GrandCircusStuff\Final Project\FinalProjectBackend\functions\src\index.ts changed, reloading triggers {"metadata":{"emulator":{"name":"functions"},"message":"File C:\\Users\\Henry Morley\\Desktop\\GrandCircusStuff\\Final Project\\FinalProjectBackend\\functions\\src\\index.ts changed, reloading triggers"}}
[debug] [2023-03-22T23:27:47.506Z] Validating nodejs source
[debug] [2023-03-22T23:27:54.456Z] > [functions] package.json contents: {
  "name": "functions",
  "scripts": {
    "build": "tsc",
    "build:watch": "tsc --watch",
    "serve": "npm run build && firebase emulators:start --only functions",
    "shell": "npm run build && firebase functions:shell",
    "start": "npm run shell",
    "deploy": "firebase deploy --only functions",
    "logs": "firebase functions:log",
    "serve:dev": "concurrently \"tsc --watch\" \"firebase emulators:start --only functions\""
  },
  "engines": {
    "node": "16"
  },
  "main": "lib/index.js",
  "dependencies": {
    "firebase-admin": "^11.5.0",
    "firebase-functions": "^4.2.0"
  },
  "devDependencies": {
    "typescript": "^4.9.0",
    "firebase-functions-test": "^3.0.0"
  },
  "private": true
}
[debug] [2023-03-22T23:27:54.458Z] Building nodejs source
[debug] [2023-03-22T23:27:54.460Z] Failed to find version of module node: reached end of search path C:\Users\Henry Morley\Desktop\GrandCircusStuff\Final Project\FinalProjectBackend\functions\node_modules
[info] +  functions: Using node@16 from host. 
[debug] [2023-03-22T23:27:54.480Z] Could not find functions.yaml. Must use http discovery
[debug] [2023-03-22T23:27:54.495Z] Found firebase-functions binary at 'C:\Users\Henry Morley\Desktop\GrandCircusStuff\Final Project\FinalProjectBackend\node_modules\.bin\firebase-functions'
[debug] [2023-03-22T23:27:54.575Z] File C:\Users\Henry Morley\Desktop\GrandCircusStuff\Final Project\FinalProjectBackend\functions\lib\index.js.map changed, reloading triggers {"metadata":{"emulator":{"name":"functions"},"message":"File C:\\Users\\Henry Morley\\Desktop\\GrandCircusStuff\\Final Project\\FinalProjectBackend\\functions\\lib\\index.js.map changed, reloading triggers"}}
[debug] [2023-03-22T23:27:54.579Z] File C:\Users\Henry Morley\Desktop\GrandCircusStuff\Final Project\FinalProjectBackend\functions\lib\index.js changed, reloading triggers {"metadata":{"emulator":{"name":"functions"},"message":"File C:\\Users\\Henry Morley\\Desktop\\GrandCircusStuff\\Final Project\\FinalProjectBackend\\functions\\lib\\index.js changed, reloading triggers"}}
