[debug] [2023-03-19T18:03:29.501Z] ----------------------------------------------------------------------
[debug] [2023-03-19T18:03:29.503Z] Command:       C:\Program Files\nodejs\node.exe C:\Users\hallr\AppData\Roaming\npm\node_modules\firebase-tools\lib\bin\firebase.js use --add
[debug] [2023-03-19T18:03:29.503Z] CLI Version:   11.24.1
[debug] [2023-03-19T18:03:29.503Z] Platform:      win32
[debug] [2023-03-19T18:03:29.503Z] Node Version:  v19.6.0
[debug] [2023-03-19T18:03:29.503Z] Time:          Sun Mar 19 2023 14:03:29 GMT-0400 (Eastern Daylight Time)
[debug] [2023-03-19T18:03:29.504Z] ----------------------------------------------------------------------
[debug] 
[debug] [2023-03-19T18:03:29.506Z] >>> [apiv2][query] GET https://firebase-public.firebaseio.com/cli.json [none]
[debug] [2023-03-19T18:03:29.578Z] > command requires scopes: ["email","openid","https://www.googleapis.com/auth/cloudplatformprojects.readonly","https://www.googleapis.com/auth/firebase","https://www.googleapis.com/auth/cloud-platform"]
[debug] [2023-03-19T18:03:29.579Z] > authorizing via signed-in user (hallrhia@gmail.com)
[debug] [2023-03-19T18:03:29.579Z] > refreshing access token with scopes: []
[debug] [2023-03-19T18:03:29.580Z] >>> [apiv2][query] POST https://www.googleapis.com/oauth2/v3/token [none]
[debug] [2023-03-19T18:03:29.580Z] >>> [apiv2][body] POST https://www.googleapis.com/oauth2/v3/token [omitted]
[debug] [2023-03-19T18:03:29.702Z] <<< [apiv2][status] GET https://firebase-public.firebaseio.com/cli.json 200
[debug] [2023-03-19T18:03:29.703Z] <<< [apiv2][body] GET https://firebase-public.firebaseio.com/cli.json {"cloudBuildErrorAfter":1594252800000,"cloudBuildWarnAfter":1590019200000,"defaultNode10After":1594252800000,"minVersion":"3.0.5","node8DeploysDisabledAfter":1613390400000,"node8RuntimeDisabledAfter":1615809600000,"node8WarnAfter":1600128000000}
[debug] [2023-03-19T18:03:29.779Z] <<< [apiv2][status] POST https://www.googleapis.com/oauth2/v3/token 200
[debug] [2023-03-19T18:03:29.780Z] <<< [apiv2][body] POST https://www.googleapis.com/oauth2/v3/token [omitted]
[debug] [2023-03-19T18:03:29.791Z] >>> [apiv2][query] GET https://firebase.googleapis.com/v1beta1/projects pageSize=1000
[debug] [2023-03-19T18:03:30.195Z] <<< [apiv2][status] GET https://firebase.googleapis.com/v1beta1/projects 200
[debug] [2023-03-19T18:03:30.196Z] <<< [apiv2][body] GET https://firebase.googleapis.com/v1beta1/projects [omitted]
[debug] [2023-03-19T18:04:09.338Z] ----------------------------------------------------------------------
[debug] [2023-03-19T18:04:09.339Z] Command:       C:\Program Files\nodejs\node.exe C:\Users\hallr\AppData\Roaming\npm\node_modules\firebase-tools\lib\bin\firebase.js init functions
[debug] [2023-03-19T18:04:09.340Z] CLI Version:   11.24.1
[debug] [2023-03-19T18:04:09.340Z] Platform:      win32
[debug] [2023-03-19T18:04:09.340Z] Node Version:  v19.6.0
[debug] [2023-03-19T18:04:09.340Z] Time:          Sun Mar 19 2023 14:04:09 GMT-0400 (Eastern Daylight Time)
[debug] [2023-03-19T18:04:09.340Z] ----------------------------------------------------------------------
[debug] 
[debug] [2023-03-19T18:04:09.386Z] > command requires scopes: ["email","openid","https://www.googleapis.com/auth/cloudplatformprojects.readonly","https://www.googleapis.com/auth/firebase","https://www.googleapis.com/auth/cloud-platform"]
[debug] [2023-03-19T18:04:09.386Z] > authorizing via signed-in user (hallrhia@gmail.com)
[info] 
     ######## #### ########  ######## ########     ###     ######  ########
     ##        ##  ##     ## ##       ##     ##  ##   ##  ##       ##
     ######    ##  ########  ######   ########  #########  ######  ######
     ##        ##  ##    ##  ##       ##     ## ##     ##       ## ##
     ##       #### ##     ## ######## ########  ##     ##  ######  ########

You're about to initialize a Firebase project in this directory:

  C:\FinalProject\FinalProjectBackend

Before we get started, keep in mind:

  * You are currently outside your home directory
  * You are initializing within an existing Firebase project directory

[info] 
=== Project Setup
[info] 
[info] First, let's associate this project directory with a Firebase project.
[info] You can create multiple project aliases by running firebase use --add, 
[info] but for now we'll just set up a default project.
[info] 
[debug] [2023-03-19T18:04:16.759Z] Using project from CLI flag: finalproject-5656a
[debug] [2023-03-19T18:04:16.762Z] >>> [apiv2][query] GET https://firebase.googleapis.com/v1beta1/projects/finalproject-5656a [none]
[debug] [2023-03-19T18:04:17.047Z] <<< [apiv2][status] GET https://firebase.googleapis.com/v1beta1/projects/finalproject-5656a 403
[debug] [2023-03-19T18:04:17.047Z] <<< [apiv2][body] GET https://firebase.googleapis.com/v1beta1/projects/finalproject-5656a {"error":{"code":403,"message":"The caller does not have permission","status":"PERMISSION_DENIED"}}
[debug] [2023-03-19T18:04:17.047Z] HTTP Error: 403, The caller does not have permission
[debug] [2023-03-19T18:04:17.339Z] FirebaseError: HTTP Error: 403, The caller does not have permission
    at responseToError (C:\Users\hallr\AppData\Roaming\npm\node_modules\firebase-tools\lib\responseToError.js:49:12)
    at RetryOperation._fn (C:\Users\hallr\AppData\Roaming\npm\node_modules\firebase-tools\lib\apiv2.js:288:77)
    at process.processTicksAndRejections (node:internal/process/task_queues:95:5)
[error] 
[error] Error: Failed to get Firebase project finalproject-5656a. Please make sure the project exists and your account has permission to access it.
